<?xml version="1.0" encoding="UTF-8"?>
<!-- Generated by org.testng.reporters.JUnitReportReporter -->
<testsuite hostname="Ayisha-Sabur" failures="0" tests="4" name="assignment001.TestCase018" time="17.965" errors="0" timestamp="2024-04-30T09:38:46 IST" skipped="0">
  <testcase classname="assignment001.TestCase018" name="launchBrowser" time="7.725"/>
  <testcase classname="assignment001.TestCase018" name="login" time="6.379"/>
  <testcase classname="assignment001.TestCase018" name="textMatching" time="3.462"/>
  <testcase classname="assignment001.TestCase018" name="closeBrowser" time="0.399"/>
</testsuite> <!-- assignment001.TestCase018 -->
