<?xml version="1.0" encoding="UTF-8"?>
<!-- Generated by org.testng.reporters.JUnitReportReporter -->
<testsuite hostname="Ayisha-Sabur" failures="0" tests="4" name="assignment001.TestCase019" time="12.882" errors="0" timestamp="2024-04-30T09:38:46 IST" skipped="0">
  <testcase classname="assignment001.TestCase019" name="launchBrowser" time="6.451"/>
  <testcase classname="assignment001.TestCase019" name="login" time="5.714"/>
  <testcase classname="assignment001.TestCase019" name="searchProduct" time="0.408"/>
  <testcase classname="assignment001.TestCase019" name="closeBrowser" time="0.309"/>
</testsuite> <!-- assignment001.TestCase019 -->
