<?xml version="1.0" encoding="UTF-8"?>
<!-- Generated by org.testng.reporters.JUnitReportReporter -->
<testsuite hostname="Ayisha-Sabur" failures="0" tests="4" name="assignment001.TestCase021" time="18.753" errors="0" timestamp="2024-04-30T09:38:46 IST" skipped="0">
  <testcase classname="assignment001.TestCase021" name="launchBrowser" time="7.761"/>
  <testcase classname="assignment001.TestCase021" name="login" time="6.012"/>
  <testcase classname="assignment001.TestCase021" name="downloadableProducts" time="4.679"/>
  <testcase classname="assignment001.TestCase021" name="closeBrowser" time="0.301"/>
</testsuite> <!-- assignment001.TestCase021 -->
