<?xml version="1.0" encoding="UTF-8"?>
<!-- Generated by org.testng.reporters.JUnitReportReporter -->
<testsuite hostname="Ayisha-Sabur" failures="0" tests="4" name="assignment001.TestCase002" time="30.748" errors="0" timestamp="2024-05-01T12:03:49 IST" skipped="0">
  <testcase classname="assignment001.TestCase002" name="launchBrowser" time="17.246"/>
  <testcase classname="assignment001.TestCase002" name="login" time="4.754"/>
  <testcase classname="assignment001.TestCase002" name="addToCart" time="8.412"/>
  <testcase classname="assignment001.TestCase002" name="closeBrowser" time="0.336"/>
</testsuite> <!-- assignment001.TestCase002 -->
