<?xml version="1.0" encoding="UTF-8"?>
<!-- Generated by org.testng.reporters.JUnitReportReporter -->
<testsuite hostname="Ayisha-Sabur" failures="0" tests="4" name="assignment001.TestCase009" time="37.498" errors="0" timestamp="2024-04-30T09:38:46 IST" skipped="0">
  <testcase classname="assignment001.TestCase009" name="launchBrowser" time="7.313"/>
  <testcase classname="assignment001.TestCase009" name="login" time="5.797"/>
  <testcase classname="assignment001.TestCase009" name="changeSize" time="24.103"/>
  <testcase classname="assignment001.TestCase009" name="closeBrowser" time="0.285"/>
</testsuite> <!-- assignment001.TestCase009 -->
