<?xml version="1.0" encoding="UTF-8"?>
<!-- Generated by org.testng.reporters.JUnitReportReporter -->
<testsuite hostname="Ayisha-Sabur" failures="0" tests="4" name="assignment001.TestCase025" time="25.481" errors="0" timestamp="2024-04-30T09:38:46 IST" skipped="0">
  <testcase classname="assignment001.TestCase025" name="launchBrowser" time="15.142"/>
  <testcase classname="assignment001.TestCase025" name="login" time="7.063"/>
  <testcase classname="assignment001.TestCase025" name="downloadVideo" time="2.910"/>
  <testcase classname="assignment001.TestCase025" name="closeBrowser" time="0.366"/>
</testsuite> <!-- assignment001.TestCase025 -->
