<?xml version="1.0" encoding="UTF-8"?>
<!-- Generated by org.testng.reporters.JUnitReportReporter -->
<testsuite hostname="Ayisha-Sabur" failures="0" tests="4" name="assignment001.TestCase020" time="16.686" errors="0" timestamp="2024-04-30T09:38:46 IST" skipped="0">
  <testcase classname="assignment001.TestCase020" name="launchBrowser" time="7.743"/>
  <testcase classname="assignment001.TestCase020" name="login" time="5.677"/>
  <testcase classname="assignment001.TestCase020" name="privacyCookies" time="2.967"/>
  <testcase classname="assignment001.TestCase020" name="closeBrowser" time="0.299"/>
</testsuite> <!-- assignment001.TestCase020 -->
