<?xml version="1.0" encoding="UTF-8"?>
<!-- Generated by org.testng.reporters.JUnitReportReporter -->
<testsuite hostname="Ayisha-Sabur" failures="0" tests="4" name="assignment001.TestCase024" time="22.578" errors="0" timestamp="2024-04-30T09:38:46 IST" skipped="0">
  <testcase classname="assignment001.TestCase024" name="launchBrowser" time="12.207"/>
  <testcase classname="assignment001.TestCase024" name="login" time="5.869"/>
  <testcase classname="assignment001.TestCase024" name="clickPants" time="4.201"/>
  <testcase classname="assignment001.TestCase024" name="closeBrowser" time="0.301"/>
</testsuite> <!-- assignment001.TestCase024 -->
