<?xml version="1.0" encoding="UTF-8"?>
<!-- Generated by org.testng.reporters.JUnitReportReporter -->
<testsuite hostname="Ayisha-Sabur" failures="0" tests="4" name="assignment001.TestCase008" time="23.734" errors="0" timestamp="2024-04-30T09:38:46 IST" skipped="0">
  <testcase classname="assignment001.TestCase008" name="launchBrowser" time="10.579"/>
  <testcase classname="assignment001.TestCase008" name="login" time="6.708"/>
  <testcase classname="assignment001.TestCase008" name="wishList" time="6.131"/>
  <testcase classname="assignment001.TestCase008" name="closeBrowser" time="0.316"/>
</testsuite> <!-- assignment001.TestCase008 -->
