<?xml version="1.0" encoding="UTF-8"?>
<!-- Generated by org.testng.reporters.JUnitReportReporter -->
<testsuite hostname="Ayisha-Sabur" failures="0" tests="4" name="assignment001.TestCase007" time="45.629" errors="0" timestamp="2024-04-30T09:38:46 IST" skipped="0">
  <testcase classname="assignment001.TestCase007" name="launchBrowser" time="10.327"/>
  <testcase classname="assignment001.TestCase007" name="login" time="27.757"/>
  <testcase classname="assignment001.TestCase007" name="quantityTextBoxSelection" time="7.175"/>
  <testcase classname="assignment001.TestCase007" name="closeBrowser" time="0.370"/>
</testsuite> <!-- assignment001.TestCase007 -->
