<?xml version="1.0" encoding="UTF-8"?>
<!-- Generated by org.testng.reporters.JUnitReportReporter -->
<testsuite hostname="Ayisha-Sabur" failures="0" tests="4" name="assignment001.TestCase029" time="33.970" errors="0" timestamp="2024-04-30T09:38:46 IST" skipped="0">
  <testcase classname="assignment001.TestCase029" name="getText" time="0.001"/>
  <testcase classname="assignment001.TestCase029" name="launchBrowser" time="27.593"/>
  <testcase classname="assignment001.TestCase029" name="login" time="6.074"/>
  <testcase classname="assignment001.TestCase029" name="closeBrowser" time="0.302"/>
</testsuite> <!-- assignment001.TestCase029 -->
