<?xml version="1.0" encoding="UTF-8"?>
<!-- Generated by org.testng.reporters.JUnitReportReporter -->
<testsuite hostname="Ayisha-Sabur" failures="0" tests="4" name="assignment001.TestCase027" time="33.971" errors="0" timestamp="2024-04-30T09:38:46 IST" skipped="0">
  <testcase classname="assignment001.TestCase027" name="launchBrowser" time="7.172"/>
  <testcase classname="assignment001.TestCase027" name="login" time="26.148"/>
  <testcase classname="assignment001.TestCase027" name="hotSale" time="0.343"/>
  <testcase classname="assignment001.TestCase027" name="closeBrowser" time="0.308"/>
</testsuite> <!-- assignment001.TestCase027 -->
