<?xml version="1.0" encoding="UTF-8"?>
<!-- Generated by org.testng.reporters.JUnitReportReporter -->
<testsuite hostname="Ayisha-Sabur" failures="0" tests="4" name="assignment001.TestCase003" time="21.813" errors="0" timestamp="2024-05-01T12:04:32 IST" skipped="0">
  <testcase classname="assignment001.TestCase003" name="launchBrowser" time="9.934"/>
  <testcase classname="assignment001.TestCase003" name="login" time="5.598"/>
  <testcase classname="assignment001.TestCase003" name="changePassword" time="5.951"/>
  <testcase classname="assignment001.TestCase003" name="closeBrowser" time="0.330"/>
</testsuite> <!-- assignment001.TestCase003 -->
