<?xml version="1.0" encoding="UTF-8"?>
<!-- Generated by org.testng.reporters.JUnitReportReporter -->
<testsuite hostname="Ayisha-Sabur" failures="0" tests="4" name="assignment001.TestCase004" time="23.115" errors="0" timestamp="2024-05-01T12:05:16 IST" skipped="0">
  <testcase classname="assignment001.TestCase004" name="launchBrowser" time="14.938"/>
  <testcase classname="assignment001.TestCase004" name="login" time="5.989"/>
  <testcase classname="assignment001.TestCase004" name="womenLink" time="1.787"/>
  <testcase classname="assignment001.TestCase004" name="closeBrowser" time="0.401"/>
</testsuite> <!-- assignment001.TestCase004 -->
