<?xml version="1.0" encoding="UTF-8"?>
<!-- Generated by org.testng.reporters.JUnitReportReporter -->
<testsuite hostname="Ayisha-Sabur" failures="0" tests="4" name="assignment001.TestCase026" time="41.537" errors="0" timestamp="2024-04-30T09:38:46 IST" skipped="0">
  <testcase classname="assignment001.TestCase026" name="launchBrowser" time="11.996"/>
  <testcase classname="assignment001.TestCase026" name="login" time="26.346"/>
  <testcase classname="assignment001.TestCase026" name="downloadVideo" time="2.867"/>
  <testcase classname="assignment001.TestCase026" name="closeBrowser" time="0.328"/>
</testsuite> <!-- assignment001.TestCase026 -->
